<?xml version="1.0" encoding="UTF-8"?>
<!-- Generated by org.testng.reporters.JUnitReportReporter -->
<testsuite hostname="DESKTOP-4A1G1BH" failures="0" tests="1" name="com.bestbuy.test.Testcase1" time="43.442" errors="0" timestamp="2023-12-10T00:48:12 IST" skipped="0">
  <testcase classname="com.bestbuy.test.Testcase1" name="browserTest" time="43.442"/>
  <system-out/>
</testsuite> <!-- com.bestbuy.test.Testcase1 -->
