<?xml version="1.0" encoding="UTF-8"?>
<!-- Generated by org.testng.reporters.JUnitReportReporter -->
<testsuite hostname="DESKTOP-4A1G1BH" failures="0" tests="1" name="com.bestbuy.test.Testcase6" time="221.670" errors="0" timestamp="2023-12-13T13:36:30 IST" skipped="0">
  <testcase classname="com.bestbuy.test.Testcase6" name="menu_searchByDepartment" time="221.670"/>
  <system-out/>
</testsuite> <!-- com.bestbuy.test.Testcase6 -->
