<?xml version="1.0" encoding="UTF-8"?>
<!-- Generated by org.testng.reporters.JUnitReportReporter -->
<testsuite hostname="DESKTOP-4A1G1BH" failures="0" tests="1" name="com.bestbuy.test.Testcase8" time="103.094" errors="0" timestamp="2023-12-21T00:17:10 IST" skipped="0">
  <testcase classname="com.bestbuy.test.Testcase8" name="allMenus" time="103.094"/>
  <system-out/>
</testsuite> <!-- com.bestbuy.test.Testcase8 -->
