<?xml version="1.0" encoding="UTF-8"?>
<!-- Generated by org.testng.reporters.JUnitReportReporter -->
<testsuite hostname="DESKTOP-4A1G1BH" failures="0" tests="1" name="com.bestbuy.test.Testcase2" time="26.133" errors="0" timestamp="2023-12-08T01:12:50 IST" skipped="0">
  <testcase classname="com.bestbuy.test.Testcase2" name="browserTest" time="26.133"/>
  <system-out/>
</testsuite> <!-- com.bestbuy.test.Testcase2 -->
