<?xml version="1.0" encoding="UTF-8"?>
<!-- Generated by org.testng.reporters.JUnitReportReporter -->
<testsuite hostname="DESKTOP-4A1G1BH" failures="0" tests="1" name="com.bestbuy.test.Testcase7" time="22.512" errors="0" timestamp="2023-12-13T19:10:34 IST" skipped="0">
  <testcase classname="com.bestbuy.test.Testcase7" name="brokenLinkTest" time="22.512"/>
  <system-out/>
</testsuite> <!-- com.bestbuy.test.Testcase7 -->
