<?xml version="1.0" encoding="UTF-8"?>
<!-- Generated by org.testng.reporters.JUnitReportReporter -->
<testsuite hostname="DESKTOP-4A1G1BH" failures="0" tests="1" name="com.bestbuy.test.Testcase2" time="92.495" errors="0" timestamp="2023-12-21T00:23:18 IST" skipped="0">
  <testcase classname="com.bestbuy.test.Testcase2" name="signinTest" time="92.495"/>
  <system-out/>
</testsuite> <!-- com.bestbuy.test.Testcase2 -->
