<?xml version="1.0" encoding="UTF-8"?>
<!-- Generated by org.testng.reporters.JUnitReportReporter -->
<testsuite hostname="DESKTOP-4A1G1BH" failures="0" tests="1" name="com.bestbuy.test.Testcase5" time="84.408" errors="0" timestamp="2023-12-09T23:48:22 IST" skipped="0">
  <testcase classname="com.bestbuy.test.Testcase5" name="menu_searchByDepartment" time="84.408"/>
  <system-out/>
</testsuite> <!-- com.bestbuy.test.Testcase5 -->
