<?xml version="1.0" encoding="UTF-8"?>
<!-- Generated by org.testng.reporters.JUnitReportReporter -->
<testsuite hostname="DESKTOP-4A1G1BH" failures="0" tests="1" name="com.bestbuy.test.Testcase4" time="42.828" errors="0" timestamp="2023-12-08T04:10:11 IST" skipped="0">
  <testcase classname="com.bestbuy.test.Testcase4" name="menu_searchByDepartment" time="42.828"/>
  <system-out/>
</testsuite> <!-- com.bestbuy.test.Testcase4 -->
