<?xml version="1.0" encoding="UTF-8"?>
<!-- Generated by org.testng.reporters.JUnitReportReporter -->
<testsuite hostname="DESKTOP-4A1G1BH" failures="0" tests="1" name="com.bestbuy.test.Testcase1" time="6.455" errors="0" timestamp="2023-12-07T00:09:44 IST" skipped="0">
  <testcase classname="com.bestbuy.test.Testcase1" name="launching_browser" time="6.455"/>
  <system-out/>
</testsuite> <!-- com.bestbuy.test.Testcase1 -->
